[2025-05-10T10:15:47.942Z] Starting EHB Fix Empty Services
[2025-05-10T10:15:47.956Z] Fixing EHB-Services-Departments-Flow directory...
[2025-05-10T10:15:47.957Z] Created directory: /home/runner/workspace/EHB-Services-Departments-Flow/services
[2025-05-10T10:15:47.958Z] Created directory: /home/runner/workspace/EHB-Services-Departments-Flow/models
[2025-05-10T10:15:47.958Z] Created directory: /home/runner/workspace/EHB-Services-Departments-Flow/controllers
[2025-05-10T10:15:47.963Z] Created directory: /home/runner/workspace/EHB-Services-Departments-Flow/api
[2025-05-10T10:15:47.964Z] Created README.md: /home/runner/workspace/EHB-Services-Departments-Flow/README.md
[2025-05-10T10:15:47.964Z] Created package.json: /home/runner/workspace/EHB-Services-Departments-Flow/package.json
[2025-05-10T10:15:47.965Z] Created index.js: /home/runner/workspace/EHB-Services-Departments-Flow/index.js
[2025-05-10T10:15:47.967Z] Created ServiceFlow.js: /home/runner/workspace/EHB-Services-Departments-Flow/services/ServiceFlow.js
[2025-05-10T10:15:47.969Z] Created Department.js model: /home/runner/workspace/EHB-Services-Departments-Flow/models/Department.js
[2025-05-10T10:15:47.970Z] Created departments.json data: /home/runner/workspace/EHB-Services-Departments-Flow/data/departments.json
[2025-05-10T10:15:47.971Z] Successfully fixed EHB-Services-Departments-Flow directory with basic structure
[2025-05-10T10:15:47.972Z] Checking for other potentially empty service directories...
[2025-05-10T10:15:47.972Z] Created directory: /home/runner/workspace/EHB-Affiliate-System
[2025-05-10T10:15:47.974Z] Created service directory: EHB-Affiliate-System
[2025-05-10T10:15:47.976Z] Found empty service directory: EHB-Affiliate-System, adding basic structure...
[2025-05-10T10:15:47.976Z] Created directory: /home/runner/workspace/EHB-Affiliate-System/data
[2025-05-10T10:15:47.980Z] Created directory: /home/runner/workspace/EHB-Affiliate-System/src
[2025-05-10T10:15:47.981Z] Created directory: /home/runner/workspace/EHB-Affiliate-System/api
[2025-05-10T10:15:47.983Z] Created README.md: /home/runner/workspace/EHB-Affiliate-System/README.md
[2025-05-10T10:15:47.983Z] Created package.json: /home/runner/workspace/EHB-Affiliate-System/package.json
[2025-05-10T10:15:47.984Z] Created index.js: /home/runner/workspace/EHB-Affiliate-System/index.js
[2025-05-10T10:15:47.984Z] Successfully fixed EHB-Affiliate-System directory with basic structure
[2025-05-10T10:15:47.984Z] EHB Fix Empty Services completed successfully
