[2025-05-10T20:28:51.326Z] [INFO] Starting WebSocket Connection Monitor
[2025-05-10T20:28:51.329Z] [INFO] Initializing WebSocket monitoring for services
[2025-05-10T20:28:51.329Z] [INFO] Loaded configuration for undefined services
[2025-05-10T20:31:34.536Z] [INFO] Starting WebSocket Connection Monitor
[2025-05-10T20:31:34.538Z] [INFO] Initializing WebSocket monitoring for services
[2025-05-10T20:31:34.538Z] [INFO] Loaded configuration for 5 services
[2025-05-10T20:31:34.538Z] [INFO] Registering service: GUI-Launcher with URL: ws://localhost:5003/ehb-integration
[2025-05-10T20:31:34.538Z] [INFO] Creating monitored WebSocket connection for GUI-Launcher to ws://localhost:5003/ehb-integration
[2025-05-10T20:31:34.547Z] [INFO] Registering service: EHB-AI-Dev with URL: ws://localhost:5003/ehb-integration
[2025-05-10T20:31:34.547Z] [INFO] Creating monitored WebSocket connection for EHB-AI-Dev to ws://localhost:5003/ehb-integration
[2025-05-10T20:31:34.548Z] [INFO] Registering service: EHB-Developer-Portal with URL: ws://localhost:5003/ehb-integration
[2025-05-10T20:31:34.548Z] [INFO] Creating monitored WebSocket connection for EHB-Developer-Portal to ws://localhost:5003/ehb-integration
[2025-05-10T20:31:34.549Z] [INFO] Registering service: EHB-DASHBOARD with URL: ws://localhost:5003/ehb-integration
[2025-05-10T20:31:34.549Z] [INFO] Creating monitored WebSocket connection for EHB-DASHBOARD to ws://localhost:5003/ehb-integration
[2025-05-10T20:31:34.550Z] [INFO] Registering service: EHB-HOME with URL: ws://localhost:5003/ehb-integration
[2025-05-10T20:31:34.550Z] [INFO] Creating monitored WebSocket connection for EHB-HOME to ws://localhost:5003/ehb-integration
[2025-05-10T20:31:34.551Z] [INFO] WebSocket Connection Monitor started successfully
[2025-05-10T20:31:34.559Z] [INFO] WebSocket connection established for GUI-Launcher
[2025-05-10T20:31:34.562Z] [INFO] Connection confirmation received for GUI-Launcher
[2025-05-10T20:31:34.563Z] [INFO] Connection confirmation received for GUI-Launcher
[2025-05-10T20:31:34.564Z] [INFO] WebSocket connection established for EHB-AI-Dev
[2025-05-10T20:31:34.564Z] [INFO] Connection confirmation received for EHB-AI-Dev
[2025-05-10T20:31:34.564Z] [INFO] Connection confirmation received for EHB-AI-Dev
[2025-05-10T20:31:34.565Z] [INFO] WebSocket connection established for EHB-Developer-Portal
[2025-05-10T20:31:34.565Z] [INFO] Connection confirmation received for EHB-Developer-Portal
[2025-05-10T20:31:34.565Z] [INFO] Connection confirmation received for EHB-Developer-Portal
[2025-05-10T20:31:34.566Z] [INFO] WebSocket connection established for EHB-DASHBOARD
[2025-05-10T20:31:34.566Z] [INFO] Connection confirmation received for EHB-DASHBOARD
[2025-05-10T20:31:34.566Z] [INFO] Connection confirmation received for EHB-DASHBOARD
[2025-05-10T20:31:34.567Z] [INFO] WebSocket connection established for EHB-HOME
[2025-05-10T20:31:34.567Z] [INFO] Connection confirmation received for EHB-HOME
[2025-05-10T20:31:34.567Z] [INFO] Connection confirmation received for EHB-HOME
[2025-05-10T20:31:34.567Z] [INFO] Successfully registered GUI-Launcher with Integration Hub
[2025-05-10T20:31:34.567Z] [INFO] Successfully registered EHB-AI-Dev with Integration Hub
[2025-05-10T20:31:34.568Z] [INFO] Successfully registered EHB-Developer-Portal with Integration Hub
[2025-05-10T20:31:34.568Z] [INFO] Successfully registered EHB-DASHBOARD with Integration Hub
[2025-05-10T20:31:34.568Z] [INFO] Successfully registered EHB-HOME with Integration Hub
[2025-05-10T20:32:04.553Z] [INFO] Checking all WebSocket connections
[2025-05-10T20:32:34.554Z] [INFO] Checking all WebSocket connections
[2025-05-10T20:32:43.819Z] [WARN] WebSocket connection closed for GUI-Launcher
[2025-05-10T20:32:43.822Z] [INFO] Reconnecting GUI-Launcher in 5000ms (attempt 1/5)
[2025-05-10T20:32:43.824Z] [WARN] WebSocket connection closed for EHB-AI-Dev
[2025-05-10T20:32:43.831Z] [INFO] Reconnecting EHB-AI-Dev in 5000ms (attempt 1/5)
[2025-05-10T20:32:43.832Z] [WARN] WebSocket connection closed for EHB-Developer-Portal
[2025-05-10T20:32:43.833Z] [INFO] Reconnecting EHB-Developer-Portal in 5000ms (attempt 1/5)
[2025-05-10T20:32:43.834Z] [WARN] WebSocket connection closed for EHB-DASHBOARD
[2025-05-10T20:32:43.835Z] [INFO] Reconnecting EHB-DASHBOARD in 5000ms (attempt 1/5)
[2025-05-10T20:32:43.836Z] [WARN] WebSocket connection closed for EHB-HOME
[2025-05-10T20:32:43.838Z] [INFO] Reconnecting EHB-HOME in 5000ms (attempt 1/5)
[2025-05-10T20:32:46.776Z] [INFO] Starting WebSocket Connection Monitor
[2025-05-10T20:32:46.785Z] [INFO] Initializing WebSocket monitoring for services
[2025-05-10T20:32:46.785Z] [INFO] Loaded configuration for 5 services
[2025-05-10T20:32:46.786Z] [INFO] Registering service: GUI-Launcher with URL: ws://localhost:5003/ehb-integration
[2025-05-10T20:32:46.786Z] [INFO] Creating monitored WebSocket connection for GUI-Launcher to ws://localhost:5003/ehb-integration
[2025-05-10T20:32:46.802Z] [INFO] Registering service: EHB-AI-Dev with URL: ws://localhost:5003/ehb-integration
[2025-05-10T20:32:46.803Z] [INFO] Creating monitored WebSocket connection for EHB-AI-Dev to ws://localhost:5003/ehb-integration
[2025-05-10T20:32:46.805Z] [INFO] Registering service: EHB-Developer-Portal with URL: ws://localhost:5003/ehb-integration
[2025-05-10T20:32:46.805Z] [INFO] Creating monitored WebSocket connection for EHB-Developer-Portal to ws://localhost:5003/ehb-integration
[2025-05-10T20:32:46.806Z] [INFO] Registering service: EHB-DASHBOARD with URL: ws://localhost:5003/ehb-integration
[2025-05-10T20:32:46.807Z] [INFO] Creating monitored WebSocket connection for EHB-DASHBOARD to ws://localhost:5003/ehb-integration
[2025-05-10T20:32:46.808Z] [INFO] Registering service: EHB-HOME with URL: ws://localhost:5003/ehb-integration
[2025-05-10T20:32:46.809Z] [INFO] Creating monitored WebSocket connection for EHB-HOME to ws://localhost:5003/ehb-integration
[2025-05-10T20:32:46.811Z] [INFO] WebSocket Connection Monitor started successfully
[2025-05-10T20:32:46.837Z] [INFO] WebSocket connection established for GUI-Launcher
[2025-05-10T20:32:46.887Z] [INFO] Connection confirmation received for GUI-Launcher
[2025-05-10T20:32:46.887Z] [INFO] Connection confirmation received for GUI-Launcher
[2025-05-10T20:32:46.888Z] [INFO] WebSocket connection established for EHB-AI-Dev
[2025-05-10T20:32:46.889Z] [INFO] Connection confirmation received for EHB-AI-Dev
[2025-05-10T20:32:46.890Z] [INFO] Connection confirmation received for EHB-AI-Dev
[2025-05-10T20:32:46.890Z] [INFO] WebSocket connection established for EHB-Developer-Portal
[2025-05-10T20:32:46.891Z] [INFO] Connection confirmation received for EHB-Developer-Portal
[2025-05-10T20:32:46.891Z] [INFO] Connection confirmation received for EHB-Developer-Portal
[2025-05-10T20:32:46.891Z] [INFO] WebSocket connection established for EHB-DASHBOARD
[2025-05-10T20:32:46.892Z] [INFO] Connection confirmation received for EHB-DASHBOARD
[2025-05-10T20:32:46.892Z] [INFO] Connection confirmation received for EHB-DASHBOARD
[2025-05-10T20:32:46.892Z] [INFO] WebSocket connection established for EHB-HOME
[2025-05-10T20:32:46.893Z] [INFO] Connection confirmation received for EHB-HOME
[2025-05-10T20:32:46.893Z] [INFO] Connection confirmation received for EHB-HOME
[2025-05-10T20:32:46.894Z] [INFO] Successfully registered GUI-Launcher with Integration Hub
[2025-05-10T20:32:46.894Z] [INFO] Successfully registered EHB-AI-Dev with Integration Hub
[2025-05-10T20:32:46.900Z] [INFO] Successfully registered EHB-Developer-Portal with Integration Hub
[2025-05-10T20:32:46.901Z] [INFO] Successfully registered EHB-DASHBOARD with Integration Hub
[2025-05-10T20:32:46.904Z] [INFO] Successfully registered EHB-HOME with Integration Hub
[2025-05-10T20:33:16.813Z] [INFO] Checking all WebSocket connections
[2025-05-10T20:33:46.815Z] [INFO] Checking all WebSocket connections
[2025-05-10T20:34:16.817Z] [INFO] Checking all WebSocket connections
[2025-05-10T20:34:46.819Z] [INFO] Checking all WebSocket connections
[2025-05-10T20:35:08.506Z] [WARN] WebSocket connection closed for EHB-HOME
[2025-05-10T20:35:08.507Z] [INFO] Reconnecting EHB-HOME in 5000ms (attempt 1/5)
[2025-05-10T20:35:08.508Z] [WARN] WebSocket connection closed for GUI-Launcher
[2025-05-10T20:35:08.508Z] [INFO] Reconnecting GUI-Launcher in 5000ms (attempt 1/5)
[2025-05-10T20:35:08.509Z] [WARN] WebSocket connection closed for EHB-AI-Dev
[2025-05-10T20:35:08.509Z] [INFO] Reconnecting EHB-AI-Dev in 5000ms (attempt 1/5)
[2025-05-10T20:35:08.509Z] [WARN] WebSocket connection closed for EHB-Developer-Portal
[2025-05-10T20:35:08.509Z] [INFO] Reconnecting EHB-Developer-Portal in 5000ms (attempt 1/5)
[2025-05-10T20:35:08.509Z] [WARN] WebSocket connection closed for EHB-DASHBOARD
[2025-05-10T20:35:08.509Z] [INFO] Reconnecting EHB-DASHBOARD in 5000ms (attempt 1/5)
[2025-05-10T20:35:10.295Z] [INFO] Starting WebSocket Connection Monitor
[2025-05-10T20:35:10.299Z] [INFO] Initializing WebSocket monitoring for services
[2025-05-10T20:35:10.300Z] [INFO] Loaded configuration for 5 services
[2025-05-10T20:35:10.301Z] [INFO] Registering service: GUI-Launcher with URL: ws://localhost:5003/ehb-integration
[2025-05-10T20:35:10.301Z] [INFO] Creating monitored WebSocket connection for GUI-Launcher to ws://localhost:5003/ehb-integration
[2025-05-10T20:35:10.312Z] [INFO] Registering service: EHB-AI-Dev with URL: ws://localhost:5003/ehb-integration
[2025-05-10T20:35:10.312Z] [INFO] Creating monitored WebSocket connection for EHB-AI-Dev to ws://localhost:5003/ehb-integration
[2025-05-10T20:35:10.314Z] [INFO] Registering service: EHB-Developer-Portal with URL: ws://localhost:5003/ehb-integration
[2025-05-10T20:35:10.314Z] [INFO] Creating monitored WebSocket connection for EHB-Developer-Portal to ws://localhost:5003/ehb-integration
[2025-05-10T20:35:10.316Z] [INFO] Registering service: EHB-DASHBOARD with URL: ws://localhost:5003/ehb-integration
[2025-05-10T20:35:10.316Z] [INFO] Creating monitored WebSocket connection for EHB-DASHBOARD to ws://localhost:5003/ehb-integration
[2025-05-10T20:35:10.318Z] [INFO] Registering service: EHB-HOME with URL: ws://localhost:5003/ehb-integration
[2025-05-10T20:35:10.318Z] [INFO] Creating monitored WebSocket connection for EHB-HOME to ws://localhost:5003/ehb-integration
[2025-05-10T20:35:10.320Z] [INFO] WebSocket Connection Monitor started successfully
[2025-05-10T20:35:10.330Z] [INFO] WebSocket connection established for GUI-Launcher
[2025-05-10T20:35:10.333Z] [INFO] Connection confirmation received for GUI-Launcher
[2025-05-10T20:35:10.333Z] [INFO] Connection confirmation received for GUI-Launcher
[2025-05-10T20:35:10.335Z] [INFO] WebSocket connection established for EHB-AI-Dev
[2025-05-10T20:35:10.336Z] [INFO] Connection confirmation received for EHB-AI-Dev
[2025-05-10T20:35:10.336Z] [INFO] Connection confirmation received for EHB-AI-Dev
[2025-05-10T20:35:10.337Z] [INFO] WebSocket connection established for EHB-Developer-Portal
[2025-05-10T20:35:10.337Z] [INFO] Connection confirmation received for EHB-Developer-Portal
[2025-05-10T20:35:10.337Z] [INFO] Connection confirmation received for EHB-Developer-Portal
[2025-05-10T20:35:10.338Z] [INFO] WebSocket connection established for EHB-DASHBOARD
[2025-05-10T20:35:10.338Z] [INFO] Connection confirmation received for EHB-DASHBOARD
[2025-05-10T20:35:10.339Z] [INFO] Connection confirmation received for EHB-DASHBOARD
[2025-05-10T20:35:10.339Z] [INFO] WebSocket connection established for EHB-HOME
[2025-05-10T20:35:10.340Z] [INFO] Connection confirmation received for EHB-HOME
[2025-05-10T20:35:10.340Z] [INFO] Connection confirmation received for EHB-HOME
[2025-05-10T20:35:10.340Z] [INFO] Successfully registered GUI-Launcher with Integration Hub
[2025-05-10T20:35:10.340Z] [INFO] Successfully registered EHB-AI-Dev with Integration Hub
[2025-05-10T20:35:10.341Z] [INFO] Successfully registered EHB-Developer-Portal with Integration Hub
[2025-05-10T20:35:10.341Z] [INFO] Successfully registered EHB-DASHBOARD with Integration Hub
[2025-05-10T20:35:10.341Z] [INFO] Successfully registered EHB-HOME with Integration Hub
[2025-05-10T20:35:40.320Z] [INFO] Checking all WebSocket connections
[2025-05-10T20:36:10.322Z] [INFO] Checking all WebSocket connections
[2025-05-10T20:36:40.323Z] [INFO] Checking all WebSocket connections
[2025-05-10T20:37:04.744Z] [WARN] WebSocket connection closed for GUI-Launcher
[2025-05-10T20:37:04.744Z] [INFO] Reconnecting GUI-Launcher in 5000ms (attempt 1/5)
[2025-05-10T20:37:04.744Z] [WARN] WebSocket connection closed for EHB-AI-Dev
[2025-05-10T20:37:04.744Z] [INFO] Reconnecting EHB-AI-Dev in 5000ms (attempt 1/5)
[2025-05-10T20:37:04.744Z] [WARN] WebSocket connection closed for EHB-Developer-Portal
[2025-05-10T20:37:04.745Z] [INFO] Reconnecting EHB-Developer-Portal in 5000ms (attempt 1/5)
[2025-05-10T20:37:04.745Z] [WARN] WebSocket connection closed for EHB-DASHBOARD
[2025-05-10T20:37:04.745Z] [INFO] Reconnecting EHB-DASHBOARD in 5000ms (attempt 1/5)
[2025-05-10T20:37:04.745Z] [WARN] WebSocket connection closed for EHB-HOME
[2025-05-10T20:37:04.745Z] [INFO] Reconnecting EHB-HOME in 5000ms (attempt 1/5)
[2025-05-10T20:37:07.740Z] [INFO] Starting WebSocket Connection Monitor
[2025-05-10T20:37:07.745Z] [INFO] Initializing WebSocket monitoring for services
[2025-05-10T20:37:07.747Z] [INFO] Loaded configuration for 5 services
[2025-05-10T20:37:07.747Z] [INFO] Registering service: GUI-Launcher with URL: ws://localhost:5003/ehb-integration
[2025-05-10T20:37:07.748Z] [INFO] Creating monitored WebSocket connection for GUI-Launcher to ws://localhost:5003/ehb-integration
[2025-05-10T20:37:07.772Z] [INFO] Registering service: EHB-AI-Dev with URL: ws://localhost:5003/ehb-integration
[2025-05-10T20:37:07.772Z] [INFO] Creating monitored WebSocket connection for EHB-AI-Dev to ws://localhost:5003/ehb-integration
[2025-05-10T20:37:07.773Z] [INFO] Registering service: EHB-Developer-Portal with URL: ws://localhost:5003/ehb-integration
[2025-05-10T20:37:07.773Z] [INFO] Creating monitored WebSocket connection for EHB-Developer-Portal to ws://localhost:5003/ehb-integration
[2025-05-10T20:37:07.774Z] [INFO] Registering service: EHB-DASHBOARD with URL: ws://localhost:5003/ehb-integration
[2025-05-10T20:37:07.774Z] [INFO] Creating monitored WebSocket connection for EHB-DASHBOARD to ws://localhost:5003/ehb-integration
[2025-05-10T20:37:07.774Z] [INFO] Registering service: EHB-HOME with URL: ws://localhost:5003/ehb-integration
[2025-05-10T20:37:07.778Z] [INFO] Creating monitored WebSocket connection for EHB-HOME to ws://localhost:5003/ehb-integration
[2025-05-10T20:37:07.780Z] [INFO] WebSocket Connection Monitor started successfully
[2025-05-10T20:37:07.804Z] [INFO] WebSocket connection established for GUI-Launcher
[2025-05-10T20:37:07.817Z] [INFO] Connection confirmation received for GUI-Launcher
[2025-05-10T20:37:07.819Z] [INFO] Connection confirmation received for GUI-Launcher
[2025-05-10T20:37:07.822Z] [INFO] WebSocket connection established for EHB-AI-Dev
[2025-05-10T20:37:07.826Z] [INFO] Connection confirmation received for EHB-AI-Dev
[2025-05-10T20:37:07.841Z] [INFO] Connection confirmation received for EHB-AI-Dev
[2025-05-10T20:37:07.844Z] [INFO] WebSocket connection established for EHB-Developer-Portal
[2025-05-10T20:37:07.846Z] [INFO] Connection confirmation received for EHB-Developer-Portal
[2025-05-10T20:37:07.851Z] [INFO] Connection confirmation received for EHB-Developer-Portal
[2025-05-10T20:37:07.852Z] [INFO] WebSocket connection established for EHB-DASHBOARD
[2025-05-10T20:37:07.855Z] [INFO] Connection confirmation received for EHB-DASHBOARD
[2025-05-10T20:37:07.855Z] [INFO] Connection confirmation received for EHB-DASHBOARD
[2025-05-10T20:37:07.859Z] [INFO] WebSocket connection established for EHB-HOME
[2025-05-10T20:37:07.861Z] [INFO] Connection confirmation received for EHB-HOME
[2025-05-10T20:37:07.868Z] [INFO] Connection confirmation received for EHB-HOME
[2025-05-10T20:37:07.868Z] [INFO] Successfully registered GUI-Launcher with Integration Hub
[2025-05-10T20:37:07.869Z] [INFO] Successfully registered EHB-AI-Dev with Integration Hub
[2025-05-10T20:37:07.870Z] [INFO] Successfully registered EHB-Developer-Portal with Integration Hub
[2025-05-10T20:37:07.870Z] [INFO] Successfully registered EHB-DASHBOARD with Integration Hub
[2025-05-10T20:37:07.870Z] [INFO] Successfully registered EHB-HOME with Integration Hub
[2025-05-10T20:37:37.782Z] [INFO] Checking all WebSocket connections
[2025-05-10T20:37:37.784Z] [INFO] WebSocket Status Summary: Connected: 5/5, Errors: 0, Disconnected: 0
[2025-05-10T20:38:07.784Z] [INFO] Checking all WebSocket connections
[2025-05-10T20:38:07.785Z] [INFO] WebSocket Status Summary: Connected: 5/5, Errors: 0, Disconnected: 0
[2025-05-10T20:38:08.353Z] [INFO] Starting WebSocket Connection Monitor
[2025-05-10T20:38:08.356Z] [INFO] Initializing WebSocket monitoring for services
[2025-05-10T20:38:08.359Z] [INFO] Loaded configuration for 5 services
[2025-05-10T20:38:08.359Z] [INFO] Registering service: GUI-Launcher with URL: ws://localhost:5003/ehb-integration
[2025-05-10T20:38:08.364Z] [INFO] Creating monitored WebSocket connection for GUI-Launcher to ws://localhost:5003/ehb-integration
[2025-05-10T20:38:08.393Z] [INFO] Registering service: EHB-AI-Dev with URL: ws://localhost:5003/ehb-integration
[2025-05-10T20:38:08.396Z] [INFO] Creating monitored WebSocket connection for EHB-AI-Dev to ws://localhost:5003/ehb-integration
[2025-05-10T20:38:08.398Z] [INFO] Registering service: EHB-Developer-Portal with URL: ws://localhost:5003/ehb-integration
[2025-05-10T20:38:08.398Z] [INFO] Creating monitored WebSocket connection for EHB-Developer-Portal to ws://localhost:5003/ehb-integration
[2025-05-10T20:38:08.398Z] [INFO] Registering service: EHB-DASHBOARD with URL: ws://localhost:5003/ehb-integration
[2025-05-10T20:38:08.400Z] [INFO] Creating monitored WebSocket connection for EHB-DASHBOARD to ws://localhost:5003/ehb-integration
[2025-05-10T20:38:08.400Z] [INFO] Registering service: EHB-HOME with URL: ws://localhost:5003/ehb-integration
[2025-05-10T20:38:08.400Z] [INFO] Creating monitored WebSocket connection for EHB-HOME to ws://localhost:5003/ehb-integration
[2025-05-10T20:38:08.402Z] [INFO] WebSocket Connection Monitor started successfully
[2025-05-10T20:38:08.430Z] [INFO] WebSocket connection established for GUI-Launcher
[2025-05-10T20:38:08.433Z] [INFO] Connection confirmation received for GUI-Launcher
[2025-05-10T20:38:08.433Z] [INFO] Connection confirmation received for GUI-Launcher
[2025-05-10T20:38:08.434Z] [INFO] WebSocket connection established for EHB-AI-Dev
[2025-05-10T20:38:08.435Z] [INFO] Connection confirmation received for EHB-AI-Dev
[2025-05-10T20:38:08.435Z] [INFO] Connection confirmation received for EHB-AI-Dev
[2025-05-10T20:38:08.436Z] [INFO] WebSocket connection established for EHB-Developer-Portal
[2025-05-10T20:38:08.436Z] [INFO] Connection confirmation received for EHB-Developer-Portal
[2025-05-10T20:38:08.436Z] [INFO] Connection confirmation received for EHB-Developer-Portal
[2025-05-10T20:38:08.437Z] [INFO] WebSocket connection established for EHB-DASHBOARD
[2025-05-10T20:38:08.437Z] [INFO] Connection confirmation received for EHB-DASHBOARD
[2025-05-10T20:38:08.437Z] [INFO] Connection confirmation received for EHB-DASHBOARD
[2025-05-10T20:38:08.438Z] [INFO] WebSocket connection established for EHB-HOME
[2025-05-10T20:38:08.438Z] [INFO] Connection confirmation received for EHB-HOME
[2025-05-10T20:38:08.438Z] [INFO] Connection confirmation received for EHB-HOME
[2025-05-10T20:38:08.442Z] [INFO] Successfully registered GUI-Launcher with Integration Hub
[2025-05-10T20:38:08.442Z] [INFO] Successfully registered EHB-AI-Dev with Integration Hub
[2025-05-10T20:38:08.443Z] [INFO] Successfully registered EHB-Developer-Portal with Integration Hub
[2025-05-10T20:38:08.443Z] [INFO] Successfully registered EHB-DASHBOARD with Integration Hub
[2025-05-10T20:38:08.443Z] [INFO] Successfully registered EHB-HOME with Integration Hub
[2025-05-10T20:38:26.198Z] [INFO] Starting WebSocket Connection Monitor
[2025-05-10T20:38:26.200Z] [INFO] Initializing WebSocket monitoring for services
[2025-05-10T20:38:26.200Z] [INFO] Loaded configuration for 5 services
[2025-05-10T20:38:26.201Z] [INFO] Registering service: GUI-Launcher with URL: ws://localhost:5003/ehb-integration
[2025-05-10T20:38:26.201Z] [INFO] Creating monitored WebSocket connection for GUI-Launcher to ws://localhost:5003/ehb-integration
[2025-05-10T20:38:26.213Z] [INFO] Registering service: EHB-AI-Dev with URL: ws://localhost:5003/ehb-integration
[2025-05-10T20:38:26.213Z] [INFO] Creating monitored WebSocket connection for EHB-AI-Dev to ws://localhost:5003/ehb-integration
[2025-05-10T20:38:26.214Z] [INFO] Registering service: EHB-Developer-Portal with URL: ws://localhost:5003/ehb-integration
[2025-05-10T20:38:26.214Z] [INFO] Creating monitored WebSocket connection for EHB-Developer-Portal to ws://localhost:5003/ehb-integration
[2025-05-10T20:38:26.215Z] [INFO] Registering service: EHB-DASHBOARD with URL: ws://localhost:5003/ehb-integration
[2025-05-10T20:38:26.215Z] [INFO] Creating monitored WebSocket connection for EHB-DASHBOARD to ws://localhost:5003/ehb-integration
[2025-05-10T20:38:26.216Z] [INFO] Registering service: EHB-HOME with URL: ws://localhost:5003/ehb-integration
[2025-05-10T20:38:26.216Z] [INFO] Creating monitored WebSocket connection for EHB-HOME to ws://localhost:5003/ehb-integration
[2025-05-10T20:38:26.217Z] [INFO] WebSocket Connection Monitor started successfully
[2025-05-10T20:38:26.227Z] [INFO] WebSocket connection established for GUI-Launcher
[2025-05-10T20:38:26.230Z] [INFO] Connection confirmation received for GUI-Launcher
[2025-05-10T20:38:26.230Z] [INFO] Connection confirmation received for GUI-Launcher
[2025-05-10T20:38:26.230Z] [INFO] Successfully registered GUI-Launcher with Integration Hub
[2025-05-10T20:38:26.231Z] [INFO] WebSocket connection established for EHB-AI-Dev
[2025-05-10T20:38:26.232Z] [INFO] Connection confirmation received for EHB-AI-Dev
[2025-05-10T20:38:26.232Z] [INFO] Connection confirmation received for EHB-AI-Dev
[2025-05-10T20:38:26.232Z] [INFO] WebSocket connection established for EHB-Developer-Portal
[2025-05-10T20:38:26.233Z] [INFO] Connection confirmation received for EHB-Developer-Portal
[2025-05-10T20:38:26.233Z] [INFO] Connection confirmation received for EHB-Developer-Portal
[2025-05-10T20:38:26.233Z] [INFO] WebSocket connection established for EHB-DASHBOARD
[2025-05-10T20:38:26.233Z] [INFO] Connection confirmation received for EHB-DASHBOARD
[2025-05-10T20:38:26.234Z] [INFO] Connection confirmation received for EHB-DASHBOARD
[2025-05-10T20:38:26.234Z] [INFO] WebSocket connection established for EHB-HOME
[2025-05-10T20:38:26.235Z] [INFO] Connection confirmation received for EHB-HOME
[2025-05-10T20:38:26.235Z] [INFO] Connection confirmation received for EHB-HOME
[2025-05-10T20:38:26.235Z] [INFO] Successfully registered EHB-AI-Dev with Integration Hub
[2025-05-10T20:38:26.235Z] [INFO] Successfully registered EHB-Developer-Portal with Integration Hub
[2025-05-10T20:38:26.236Z] [INFO] Successfully registered EHB-DASHBOARD with Integration Hub
[2025-05-10T20:38:26.237Z] [INFO] Successfully registered EHB-HOME with Integration Hub
[2025-05-10T20:38:56.238Z] [INFO] Checking all WebSocket connections
[2025-05-10T20:38:56.239Z] [INFO] WebSocket Status Summary: Connected: 5/5, Errors: 0, Disconnected: 0
[2025-05-10T20:39:11.314Z] [INFO] Starting WebSocket Connection Monitor
[2025-05-10T20:39:11.317Z] [INFO] Initializing WebSocket monitoring for services
[2025-05-10T20:39:11.317Z] [INFO] Loaded configuration for 5 services
[2025-05-10T20:39:11.317Z] [INFO] Registering service: GUI-Launcher with URL: ws://localhost:5003/ehb-integration
[2025-05-10T20:39:11.318Z] [INFO] Creating monitored WebSocket connection for GUI-Launcher to ws://localhost:5003/ehb-integration
[2025-05-10T20:39:11.329Z] [INFO] Updated WebSocket services documentation
[2025-05-10T20:39:11.329Z] [INFO] Registering service: EHB-AI-Dev with URL: ws://localhost:5003/ehb-integration
[2025-05-10T20:39:11.329Z] [INFO] Creating monitored WebSocket connection for EHB-AI-Dev to ws://localhost:5003/ehb-integration
[2025-05-10T20:39:11.330Z] [INFO] Updated WebSocket services documentation
[2025-05-10T20:39:11.331Z] [INFO] Registering service: EHB-Developer-Portal with URL: ws://localhost:5003/ehb-integration
[2025-05-10T20:39:11.331Z] [INFO] Creating monitored WebSocket connection for EHB-Developer-Portal to ws://localhost:5003/ehb-integration
[2025-05-10T20:39:11.335Z] [INFO] Updated WebSocket services documentation
[2025-05-10T20:39:11.336Z] [INFO] Registering service: EHB-DASHBOARD with URL: ws://localhost:5003/ehb-integration
[2025-05-10T20:39:11.336Z] [INFO] Creating monitored WebSocket connection for EHB-DASHBOARD to ws://localhost:5003/ehb-integration
[2025-05-10T20:39:11.338Z] [INFO] Updated WebSocket services documentation
[2025-05-10T20:39:11.338Z] [INFO] Registering service: EHB-HOME with URL: ws://localhost:5003/ehb-integration
[2025-05-10T20:39:11.338Z] [INFO] Creating monitored WebSocket connection for EHB-HOME to ws://localhost:5003/ehb-integration
[2025-05-10T20:39:11.343Z] [INFO] Updated WebSocket services documentation
[2025-05-10T20:39:11.344Z] [INFO] WebSocket Connection Monitor started successfully
[2025-05-10T20:39:11.352Z] [INFO] WebSocket connection established for GUI-Launcher
[2025-05-10T20:39:11.354Z] [INFO] Connection confirmation received for GUI-Launcher
[2025-05-10T20:39:11.354Z] [INFO] Connection confirmation received for GUI-Launcher
[2025-05-10T20:39:11.355Z] [INFO] WebSocket connection established for EHB-AI-Dev
[2025-05-10T20:39:11.355Z] [INFO] Connection confirmation received for EHB-AI-Dev
[2025-05-10T20:39:11.356Z] [INFO] Connection confirmation received for EHB-AI-Dev
[2025-05-10T20:39:11.356Z] [INFO] WebSocket connection established for EHB-Developer-Portal
[2025-05-10T20:39:11.356Z] [INFO] Connection confirmation received for EHB-Developer-Portal
[2025-05-10T20:39:11.356Z] [INFO] Connection confirmation received for EHB-Developer-Portal
[2025-05-10T20:39:11.357Z] [INFO] WebSocket connection established for EHB-DASHBOARD
[2025-05-10T20:39:11.357Z] [INFO] Connection confirmation received for EHB-DASHBOARD
[2025-05-10T20:39:11.357Z] [INFO] Connection confirmation received for EHB-DASHBOARD
[2025-05-10T20:39:11.358Z] [INFO] WebSocket connection established for EHB-HOME
[2025-05-10T20:39:11.358Z] [INFO] Connection confirmation received for EHB-HOME
[2025-05-10T20:39:11.358Z] [INFO] Connection confirmation received for EHB-HOME
[2025-05-10T20:39:11.358Z] [INFO] Successfully registered GUI-Launcher with Integration Hub
[2025-05-10T20:39:11.358Z] [INFO] Successfully registered EHB-AI-Dev with Integration Hub
[2025-05-10T20:39:11.360Z] [INFO] Successfully registered EHB-Developer-Portal with Integration Hub
[2025-05-10T20:39:11.360Z] [INFO] Successfully registered EHB-DASHBOARD with Integration Hub
[2025-05-10T20:39:11.361Z] [INFO] Successfully registered EHB-HOME with Integration Hub
[2025-05-10T20:39:25.543Z] [WARN] WebSocket connection closed for EHB-DASHBOARD
[2025-05-10T20:39:25.545Z] [INFO] Reconnecting EHB-DASHBOARD in 5000ms (attempt 1/5)
[2025-05-10T20:39:25.546Z] [WARN] WebSocket connection closed for EHB-HOME
[2025-05-10T20:39:25.546Z] [INFO] Reconnecting EHB-HOME in 5000ms (attempt 1/5)
[2025-05-10T20:39:25.549Z] [WARN] WebSocket connection closed for GUI-Launcher
[2025-05-10T20:39:25.552Z] [INFO] Reconnecting GUI-Launcher in 5000ms (attempt 1/5)
[2025-05-10T20:39:25.554Z] [WARN] WebSocket connection closed for EHB-AI-Dev
[2025-05-10T20:39:25.555Z] [INFO] Reconnecting EHB-AI-Dev in 5000ms (attempt 1/5)
[2025-05-10T20:39:25.559Z] [WARN] WebSocket connection closed for EHB-Developer-Portal
[2025-05-10T20:39:25.560Z] [INFO] Reconnecting EHB-Developer-Portal in 5000ms (attempt 1/5)
[2025-05-10T20:39:28.183Z] [INFO] Starting WebSocket Connection Monitor
[2025-05-10T20:39:28.190Z] [INFO] Initializing WebSocket monitoring for services
[2025-05-10T20:39:28.191Z] [INFO] Loaded configuration for 5 services
[2025-05-10T20:39:28.191Z] [INFO] Registering service: GUI-Launcher with URL: ws://localhost:5003/ehb-integration
[2025-05-10T20:39:28.192Z] [INFO] Creating monitored WebSocket connection for GUI-Launcher to ws://localhost:5003/ehb-integration
[2025-05-10T20:39:28.207Z] [INFO] Updated WebSocket services documentation
[2025-05-10T20:39:28.207Z] [INFO] Registering service: EHB-AI-Dev with URL: ws://localhost:5003/ehb-integration
[2025-05-10T20:39:28.207Z] [INFO] Creating monitored WebSocket connection for EHB-AI-Dev to ws://localhost:5003/ehb-integration
[2025-05-10T20:39:28.216Z] [INFO] Updated WebSocket services documentation
[2025-05-10T20:39:28.217Z] [INFO] Registering service: EHB-Developer-Portal with URL: ws://localhost:5003/ehb-integration
[2025-05-10T20:39:28.217Z] [INFO] Creating monitored WebSocket connection for EHB-Developer-Portal to ws://localhost:5003/ehb-integration
[2025-05-10T20:39:28.219Z] [INFO] Updated WebSocket services documentation
[2025-05-10T20:39:28.219Z] [INFO] Registering service: EHB-DASHBOARD with URL: ws://localhost:5003/ehb-integration
[2025-05-10T20:39:28.219Z] [INFO] Creating monitored WebSocket connection for EHB-DASHBOARD to ws://localhost:5003/ehb-integration
[2025-05-10T20:39:28.221Z] [INFO] Updated WebSocket services documentation
[2025-05-10T20:39:28.221Z] [INFO] Registering service: EHB-HOME with URL: ws://localhost:5003/ehb-integration
[2025-05-10T20:39:28.222Z] [INFO] Creating monitored WebSocket connection for EHB-HOME to ws://localhost:5003/ehb-integration
[2025-05-10T20:39:28.231Z] [INFO] Updated WebSocket services documentation
[2025-05-10T20:39:28.234Z] [INFO] WebSocket Connection Monitor started successfully
[2025-05-10T20:39:28.265Z] [INFO] WebSocket connection established for GUI-Launcher
[2025-05-10T20:39:28.273Z] [INFO] Connection confirmation received for GUI-Launcher
[2025-05-10T20:39:28.273Z] [INFO] Connection confirmation received for GUI-Launcher
[2025-05-10T20:39:28.274Z] [INFO] WebSocket connection established for EHB-AI-Dev
[2025-05-10T20:39:28.275Z] [INFO] Connection confirmation received for EHB-AI-Dev
[2025-05-10T20:39:28.275Z] [INFO] Connection confirmation received for EHB-AI-Dev
[2025-05-10T20:39:28.276Z] [INFO] WebSocket connection established for EHB-Developer-Portal
[2025-05-10T20:39:28.276Z] [INFO] Connection confirmation received for EHB-Developer-Portal
[2025-05-10T20:39:28.276Z] [INFO] Connection confirmation received for EHB-Developer-Portal
[2025-05-10T20:39:28.277Z] [INFO] WebSocket connection established for EHB-DASHBOARD
[2025-05-10T20:39:28.277Z] [INFO] Connection confirmation received for EHB-DASHBOARD
[2025-05-10T20:39:28.277Z] [INFO] Connection confirmation received for EHB-DASHBOARD
[2025-05-10T20:39:28.278Z] [INFO] Successfully registered GUI-Launcher with Integration Hub
[2025-05-10T20:39:28.278Z] [INFO] Successfully registered EHB-AI-Dev with Integration Hub
[2025-05-10T20:39:28.279Z] [INFO] WebSocket connection established for EHB-HOME
[2025-05-10T20:39:28.280Z] [INFO] Connection confirmation received for EHB-HOME
[2025-05-10T20:39:28.280Z] [INFO] Connection confirmation received for EHB-HOME
[2025-05-10T20:39:28.280Z] [INFO] Successfully registered EHB-Developer-Portal with Integration Hub
[2025-05-10T20:39:28.281Z] [INFO] Successfully registered EHB-DASHBOARD with Integration Hub
[2025-05-10T20:39:28.281Z] [INFO] Successfully registered EHB-HOME with Integration Hub
[2025-05-10T20:39:58.237Z] [INFO] Checking all WebSocket connections
[2025-05-10T20:39:58.238Z] [INFO] WebSocket Status Summary: Connected: 5/5, Errors: 0, Disconnected: 0
[2025-05-10T20:40:28.239Z] [INFO] Checking all WebSocket connections
[2025-05-10T20:40:28.239Z] [INFO] WebSocket Status Summary: Connected: 5/5, Errors: 0, Disconnected: 0
[2025-05-10T20:40:58.240Z] [INFO] Checking all WebSocket connections
[2025-05-10T20:40:58.241Z] [INFO] WebSocket Status Summary: Connected: 5/5, Errors: 0, Disconnected: 0
[2025-05-10T20:41:28.241Z] [INFO] Checking all WebSocket connections
[2025-05-10T20:41:28.241Z] [INFO] WebSocket Status Summary: Connected: 5/5, Errors: 0, Disconnected: 0
[2025-05-10T20:41:58.243Z] [INFO] Checking all WebSocket connections
[2025-05-10T20:41:58.243Z] [INFO] WebSocket Status Summary: Connected: 5/5, Errors: 0, Disconnected: 0
[2025-05-10T20:42:03.952Z] [WARN] WebSocket connection closed for GUI-Launcher
[2025-05-10T20:42:03.952Z] [INFO] Reconnecting GUI-Launcher in 5000ms (attempt 1/5)
[2025-05-10T20:42:03.953Z] [WARN] WebSocket connection closed for EHB-AI-Dev
[2025-05-10T20:42:03.954Z] [INFO] Reconnecting EHB-AI-Dev in 5000ms (attempt 1/5)
[2025-05-10T20:42:03.954Z] [WARN] WebSocket connection closed for EHB-Developer-Portal
[2025-05-10T20:42:03.958Z] [INFO] Reconnecting EHB-Developer-Portal in 5000ms (attempt 1/5)
[2025-05-10T20:42:03.959Z] [WARN] WebSocket connection closed for EHB-DASHBOARD
[2025-05-10T20:42:03.959Z] [INFO] Reconnecting EHB-DASHBOARD in 5000ms (attempt 1/5)
[2025-05-10T20:42:03.960Z] [WARN] WebSocket connection closed for EHB-HOME
[2025-05-10T20:42:03.960Z] [INFO] Reconnecting EHB-HOME in 5000ms (attempt 1/5)
[2025-05-10T20:42:06.306Z] [INFO] Starting WebSocket Connection Monitor
[2025-05-10T20:42:06.313Z] [INFO] Initializing WebSocket monitoring for services
[2025-05-10T20:42:06.316Z] [INFO] Loaded configuration for 5 services
[2025-05-10T20:42:06.317Z] [INFO] Registering service: GUI-Launcher with URL: ws://localhost:5003/ehb-integration
[2025-05-10T20:42:06.320Z] [INFO] Creating monitored WebSocket connection for GUI-Launcher to ws://localhost:5003/ehb-integration
[2025-05-10T20:42:06.353Z] [INFO] Updated WebSocket services documentation
[2025-05-10T20:42:06.354Z] [INFO] Registering service: EHB-AI-Dev with URL: ws://localhost:5003/ehb-integration
[2025-05-10T20:42:06.354Z] [INFO] Creating monitored WebSocket connection for EHB-AI-Dev to ws://localhost:5003/ehb-integration
[2025-05-10T20:42:06.355Z] [INFO] Updated WebSocket services documentation
[2025-05-10T20:42:06.355Z] [INFO] Registering service: EHB-Developer-Portal with URL: ws://localhost:5003/ehb-integration
[2025-05-10T20:42:06.355Z] [INFO] Creating monitored WebSocket connection for EHB-Developer-Portal to ws://localhost:5003/ehb-integration
[2025-05-10T20:42:06.360Z] [INFO] Updated WebSocket services documentation
[2025-05-10T20:42:06.361Z] [INFO] Registering service: EHB-DASHBOARD with URL: ws://localhost:5003/ehb-integration
[2025-05-10T20:42:06.363Z] [INFO] Creating monitored WebSocket connection for EHB-DASHBOARD to ws://localhost:5003/ehb-integration
[2025-05-10T20:42:06.364Z] [INFO] Updated WebSocket services documentation
[2025-05-10T20:42:06.364Z] [INFO] Registering service: EHB-HOME with URL: ws://localhost:5003/ehb-integration
[2025-05-10T20:42:06.365Z] [INFO] Creating monitored WebSocket connection for EHB-HOME to ws://localhost:5003/ehb-integration
[2025-05-10T20:42:06.367Z] [INFO] Updated WebSocket services documentation
[2025-05-10T20:42:06.367Z] [INFO] WebSocket Connection Monitor started successfully
[2025-05-10T20:42:06.383Z] [INFO] WebSocket connection established for GUI-Launcher
[2025-05-10T20:42:06.385Z] [INFO] Connection confirmation received for GUI-Launcher
[2025-05-10T20:42:06.385Z] [INFO] Connection confirmation received for GUI-Launcher
[2025-05-10T20:42:06.386Z] [INFO] WebSocket connection established for EHB-AI-Dev
[2025-05-10T20:42:06.386Z] [INFO] Connection confirmation received for EHB-AI-Dev
[2025-05-10T20:42:06.387Z] [INFO] Connection confirmation received for EHB-AI-Dev
[2025-05-10T20:42:06.387Z] [INFO] WebSocket connection established for EHB-Developer-Portal
[2025-05-10T20:42:06.387Z] [INFO] Connection confirmation received for EHB-Developer-Portal
[2025-05-10T20:42:06.387Z] [INFO] Connection confirmation received for EHB-Developer-Portal
[2025-05-10T20:42:06.388Z] [INFO] WebSocket connection established for EHB-DASHBOARD
[2025-05-10T20:42:06.388Z] [INFO] Connection confirmation received for EHB-DASHBOARD
[2025-05-10T20:42:06.388Z] [INFO] Connection confirmation received for EHB-DASHBOARD
[2025-05-10T20:42:06.391Z] [INFO] WebSocket connection established for EHB-HOME
[2025-05-10T20:42:06.392Z] [INFO] Connection confirmation received for EHB-HOME
[2025-05-10T20:42:06.393Z] [INFO] Connection confirmation received for EHB-HOME
[2025-05-10T20:42:06.393Z] [INFO] Successfully registered EHB-AI-Dev with Integration Hub
[2025-05-10T20:42:06.394Z] [INFO] Successfully registered EHB-Developer-Portal with Integration Hub
[2025-05-10T20:42:06.394Z] [INFO] Successfully registered EHB-DASHBOARD with Integration Hub
[2025-05-10T20:42:06.394Z] [INFO] Successfully registered GUI-Launcher with Integration Hub
[2025-05-10T20:42:06.395Z] [INFO] Successfully registered EHB-HOME with Integration Hub
[2025-05-10T20:42:36.368Z] [INFO] Checking all WebSocket connections
[2025-05-10T20:42:36.369Z] [INFO] WebSocket Status Summary: Connected: 5/5, Errors: 0, Disconnected: 0
[2025-05-10T20:43:06.370Z] [INFO] Checking all WebSocket connections
[2025-05-10T20:43:06.370Z] [INFO] WebSocket Status Summary: Connected: 5/5, Errors: 0, Disconnected: 0
[2025-05-10T20:43:36.371Z] [INFO] Checking all WebSocket connections
[2025-05-10T20:43:36.371Z] [INFO] WebSocket Status Summary: Connected: 5/5, Errors: 0, Disconnected: 0
[2025-05-10T20:44:06.373Z] [INFO] Checking all WebSocket connections
[2025-05-10T20:44:06.373Z] [INFO] WebSocket Status Summary: Connected: 5/5, Errors: 0, Disconnected: 0
[2025-05-10T20:44:36.375Z] [INFO] Checking all WebSocket connections
[2025-05-10T20:44:36.377Z] [INFO] WebSocket Status Summary: Connected: 5/5, Errors: 0, Disconnected: 0
[2025-05-10T20:45:06.377Z] [INFO] Checking all WebSocket connections
[2025-05-10T20:45:06.378Z] [INFO] WebSocket Status Summary: Connected: 5/5, Errors: 0, Disconnected: 0
[2025-05-10T20:45:36.378Z] [INFO] Checking all WebSocket connections
[2025-05-10T20:45:36.378Z] [INFO] WebSocket Status Summary: Connected: 5/5, Errors: 0, Disconnected: 0
[2025-05-10T20:46:06.380Z] [INFO] Checking all WebSocket connections
[2025-05-10T20:46:06.380Z] [INFO] WebSocket Status Summary: Connected: 5/5, Errors: 0, Disconnected: 0
[2025-05-10T20:46:36.382Z] [INFO] Checking all WebSocket connections
[2025-05-10T20:46:36.382Z] [INFO] WebSocket Status Summary: Connected: 5/5, Errors: 0, Disconnected: 0
[2025-05-10T20:47:06.383Z] [INFO] Checking all WebSocket connections
[2025-05-10T20:47:06.383Z] [INFO] WebSocket Status Summary: Connected: 5/5, Errors: 0, Disconnected: 0
[2025-05-10T20:47:36.384Z] [INFO] Checking all WebSocket connections
[2025-05-10T20:47:36.385Z] [INFO] WebSocket Status Summary: Connected: 5/5, Errors: 0, Disconnected: 0
[2025-05-10T20:48:06.385Z] [INFO] Checking all WebSocket connections
[2025-05-10T20:48:06.385Z] [INFO] WebSocket Status Summary: Connected: 5/5, Errors: 0, Disconnected: 0
[2025-05-10T20:48:36.386Z] [INFO] Checking all WebSocket connections
[2025-05-10T20:48:36.386Z] [INFO] WebSocket Status Summary: Connected: 5/5, Errors: 0, Disconnected: 0
[2025-05-10T20:49:06.387Z] [INFO] Checking all WebSocket connections
[2025-05-10T20:49:06.387Z] [INFO] WebSocket Status Summary: Connected: 5/5, Errors: 0, Disconnected: 0
[2025-05-10T20:49:36.388Z] [INFO] Checking all WebSocket connections
[2025-05-10T20:49:36.389Z] [INFO] WebSocket Status Summary: Connected: 5/5, Errors: 0, Disconnected: 0
[2025-05-10T20:50:06.391Z] [INFO] Checking all WebSocket connections
[2025-05-10T20:50:06.391Z] [INFO] WebSocket Status Summary: Connected: 5/5, Errors: 0, Disconnected: 0
[2025-05-10T20:50:39.922Z] [INFO] Starting WebSocket Connection Monitor
[2025-05-10T20:50:39.935Z] [INFO] Initializing WebSocket monitoring for services
[2025-05-10T20:50:39.936Z] [INFO] Loaded configuration for 5 services
[2025-05-10T20:50:39.936Z] [INFO] Registering service: GUI-Launcher with URL: ws://localhost:5003/ehb-integration
[2025-05-10T20:50:39.938Z] [INFO] Creating monitored WebSocket connection for GUI-Launcher to ws://localhost:5003/ehb-integration
[2025-05-10T20:50:39.966Z] [INFO] Updated WebSocket services documentation
[2025-05-10T20:50:39.966Z] [INFO] Registering service: EHB-AI-Dev with URL: ws://localhost:5003/ehb-integration
[2025-05-10T20:50:39.967Z] [INFO] Creating monitored WebSocket connection for EHB-AI-Dev to ws://localhost:5003/ehb-integration
[2025-05-10T20:50:39.973Z] [INFO] Updated WebSocket services documentation
[2025-05-10T20:50:39.974Z] [INFO] Registering service: EHB-Developer-Portal with URL: ws://localhost:5003/ehb-integration
[2025-05-10T20:50:39.974Z] [INFO] Creating monitored WebSocket connection for EHB-Developer-Portal to ws://localhost:5003/ehb-integration
[2025-05-10T20:50:39.978Z] [INFO] Updated WebSocket services documentation
[2025-05-10T20:50:39.978Z] [INFO] Registering service: EHB-DASHBOARD with URL: ws://localhost:5003/ehb-integration
[2025-05-10T20:50:39.980Z] [INFO] Creating monitored WebSocket connection for EHB-DASHBOARD to ws://localhost:5003/ehb-integration
[2025-05-10T20:50:39.984Z] [INFO] Updated WebSocket services documentation
[2025-05-10T20:50:39.984Z] [INFO] Registering service: EHB-HOME with URL: ws://localhost:5003/ehb-integration
[2025-05-10T20:50:39.989Z] [INFO] Creating monitored WebSocket connection for EHB-HOME to ws://localhost:5003/ehb-integration
[2025-05-10T20:50:39.992Z] [INFO] Updated WebSocket services documentation
[2025-05-10T20:50:39.993Z] [INFO] WebSocket Connection Monitor started successfully
[2025-05-10T20:50:40.007Z] [ERROR] WebSocket error for GUI-Launcher: connect ECONNREFUSED 127.0.0.1:5003
[2025-05-10T20:50:40.008Z] [ERROR] Connection refused for GUI-Launcher. The server might not be running.
[2025-05-10T20:50:40.012Z] [INFO] Checking health for service: GUI-Launcher
[2025-05-10T20:50:40.012Z] [INFO] Checking GUI-Launcher status via Integration Hub
[2025-05-10T20:50:40.029Z] [WARN] WebSocket connection closed for GUI-Launcher
[2025-05-10T20:50:40.035Z] [INFO] Reconnecting GUI-Launcher in 5000ms (attempt 1/5)
[2025-05-10T20:50:40.040Z] [ERROR] WebSocket error for EHB-Developer-Portal: connect ECONNREFUSED 127.0.0.1:5003
[2025-05-10T20:50:40.041Z] [ERROR] Connection refused for EHB-Developer-Portal. The server might not be running.
[2025-05-10T20:50:40.041Z] [INFO] Checking health for service: EHB-Developer-Portal
[2025-05-10T20:50:40.041Z] [INFO] Checking EHB-Developer-Portal status via Integration Hub
[2025-05-10T20:50:40.042Z] [WARN] WebSocket connection closed for EHB-Developer-Portal
[2025-05-10T20:50:40.043Z] [INFO] Reconnecting EHB-Developer-Portal in 5000ms (attempt 1/5)
[2025-05-10T20:50:40.043Z] [ERROR] WebSocket error for EHB-AI-Dev: connect ECONNREFUSED 127.0.0.1:5003
[2025-05-10T20:50:40.044Z] [ERROR] Connection refused for EHB-AI-Dev. The server might not be running.
[2025-05-10T20:50:40.046Z] [INFO] Checking health for service: EHB-AI-Dev
[2025-05-10T20:50:40.046Z] [INFO] Checking EHB-AI-Dev status via Integration Hub
[2025-05-10T20:50:40.048Z] [WARN] WebSocket connection closed for EHB-AI-Dev
[2025-05-10T20:50:40.048Z] [INFO] Reconnecting EHB-AI-Dev in 5000ms (attempt 1/5)
[2025-05-10T20:50:40.048Z] [ERROR] WebSocket error for EHB-DASHBOARD: connect ECONNREFUSED 127.0.0.1:5003
[2025-05-10T20:50:40.048Z] [ERROR] Connection refused for EHB-DASHBOARD. The server might not be running.
[2025-05-10T20:50:40.048Z] [INFO] Checking health for service: EHB-DASHBOARD
[2025-05-10T20:50:40.049Z] [INFO] Checking EHB-DASHBOARD status via Integration Hub
[2025-05-10T20:50:40.050Z] [WARN] WebSocket connection closed for EHB-DASHBOARD
[2025-05-10T20:50:40.055Z] [INFO] Reconnecting EHB-DASHBOARD in 5000ms (attempt 1/5)
[2025-05-10T20:50:40.056Z] [ERROR] WebSocket error for EHB-HOME: connect ECONNREFUSED 127.0.0.1:5003
[2025-05-10T20:50:40.056Z] [ERROR] Connection refused for EHB-HOME. The server might not be running.
[2025-05-10T20:50:40.056Z] [INFO] Checking health for service: EHB-HOME
[2025-05-10T20:50:40.057Z] [INFO] Checking EHB-HOME status via Integration Hub
[2025-05-10T20:50:40.058Z] [WARN] WebSocket connection closed for EHB-HOME
[2025-05-10T20:50:40.058Z] [INFO] Reconnecting EHB-HOME in 5000ms (attempt 1/5)
[2025-05-10T20:50:40.067Z] [WARN] Integration Hub status check failed for GUI-Launcher: connect ECONNREFUSED 127.0.0.1:5003
[2025-05-10T20:50:40.070Z] [INFO] Attempting direct health check for GUI-Launcher at http://localhost:5003
[2025-05-10T20:50:40.072Z] [WARN] Integration Hub status check failed for EHB-Developer-Portal: connect ECONNREFUSED 127.0.0.1:5003
[2025-05-10T20:50:40.072Z] [INFO] Attempting direct health check for EHB-Developer-Portal at http://localhost:5003
[2025-05-10T20:50:40.073Z] [WARN] Integration Hub status check failed for EHB-AI-Dev: connect ECONNREFUSED 127.0.0.1:5003
[2025-05-10T20:50:40.074Z] [INFO] Attempting direct health check for EHB-AI-Dev at http://localhost:5003
[2025-05-10T20:50:40.111Z] [WARN] Integration Hub status check failed for EHB-DASHBOARD: connect ECONNREFUSED 127.0.0.1:5003
[2025-05-10T20:50:40.132Z] [INFO] Attempting direct health check for EHB-DASHBOARD at http://localhost:5003
[2025-05-10T20:50:40.134Z] [WARN] Integration Hub status check failed for EHB-HOME: connect ECONNREFUSED 127.0.0.1:5003
[2025-05-10T20:50:40.134Z] [INFO] Attempting direct health check for EHB-HOME at http://localhost:5003
[2025-05-10T20:50:40.447Z] [ERROR] Service GUI-Launcher appears to be down (all direct checks failed). Attempting to restart.
[2025-05-10T20:50:40.448Z] [INFO] Attempting to restart service: GUI-Launcher
[2025-05-10T20:50:40.476Z] [ERROR] Service EHB-Developer-Portal appears to be down (all direct checks failed). Attempting to restart.
[2025-05-10T20:50:40.477Z] [INFO] Attempting to restart service: EHB-Developer-Portal
[2025-05-10T20:50:40.487Z] [ERROR] Service EHB-AI-Dev appears to be down (all direct checks failed). Attempting to restart.
[2025-05-10T20:50:40.488Z] [INFO] Attempting to restart service: EHB-AI-Dev
[2025-05-10T20:50:40.553Z] [ERROR] Failed to restart GUI-Launcher via API: Request failed with status code 404
[2025-05-10T20:50:40.568Z] [ERROR] Failed to restart GUI-Launcher using both methods
[2025-05-10T20:50:40.602Z] [ERROR] Failed to restart EHB-Developer-Portal via API: Request failed with status code 404
[2025-05-10T20:50:40.613Z] [ERROR] Failed to restart EHB-Developer-Portal using both methods
[2025-05-10T20:50:40.626Z] [ERROR] Failed to restart EHB-AI-Dev via API: Request failed with status code 404
[2025-05-10T20:50:40.632Z] [ERROR] Failed to restart EHB-AI-Dev using both methods
[2025-05-10T20:50:40.681Z] [ERROR] Service EHB-DASHBOARD appears to be down (all direct checks failed). Attempting to restart.
[2025-05-10T20:50:40.681Z] [INFO] Attempting to restart service: EHB-DASHBOARD
[2025-05-10T20:50:40.693Z] [ERROR] Failed to restart EHB-DASHBOARD via API: Request failed with status code 404
[2025-05-10T20:50:40.700Z] [ERROR] Service EHB-HOME appears to be down (all direct checks failed). Attempting to restart.
[2025-05-10T20:50:40.701Z] [INFO] Attempting to restart service: EHB-HOME
[2025-05-10T20:50:40.702Z] [ERROR] Failed to restart EHB-DASHBOARD using both methods
[2025-05-10T20:50:40.719Z] [ERROR] Failed to restart EHB-HOME via API: Request failed with status code 404
[2025-05-10T20:50:40.722Z] [ERROR] Failed to restart EHB-HOME using both methods
[2025-05-10T20:50:45.043Z] [INFO] WebSocket connection established for GUI-Launcher
[2025-05-10T20:50:45.045Z] [INFO] Connection confirmation received for GUI-Launcher
[2025-05-10T20:50:45.045Z] [INFO] Connection confirmation received for GUI-Launcher
[2025-05-10T20:50:45.046Z] [INFO] Successfully registered GUI-Launcher with Integration Hub
[2025-05-10T20:50:45.047Z] [INFO] WebSocket connection established for EHB-Developer-Portal
[2025-05-10T20:50:45.047Z] [INFO] Connection confirmation received for EHB-Developer-Portal
[2025-05-10T20:50:45.048Z] [INFO] Connection confirmation received for EHB-Developer-Portal
[2025-05-10T20:50:45.048Z] [INFO] Successfully registered EHB-Developer-Portal with Integration Hub
[2025-05-10T20:50:45.051Z] [INFO] WebSocket connection established for EHB-AI-Dev
[2025-05-10T20:50:45.052Z] [INFO] Connection confirmation received for EHB-AI-Dev
[2025-05-10T20:50:45.052Z] [INFO] Connection confirmation received for EHB-AI-Dev
[2025-05-10T20:50:45.055Z] [INFO] Successfully registered EHB-AI-Dev with Integration Hub
[2025-05-10T20:50:45.056Z] [INFO] WebSocket connection established for EHB-DASHBOARD
[2025-05-10T20:50:45.060Z] [INFO] Connection confirmation received for EHB-DASHBOARD
[2025-05-10T20:50:45.060Z] [INFO] Connection confirmation received for EHB-DASHBOARD
[2025-05-10T20:50:45.060Z] [INFO] Successfully registered EHB-DASHBOARD with Integration Hub
[2025-05-10T20:50:45.064Z] [INFO] WebSocket connection established for EHB-HOME
[2025-05-10T20:50:45.064Z] [INFO] Connection confirmation received for EHB-HOME
[2025-05-10T20:50:45.066Z] [INFO] Connection confirmation received for EHB-HOME
[2025-05-10T20:50:45.067Z] [INFO] Successfully registered EHB-HOME with Integration Hub
[2025-05-10T20:51:10.006Z] [INFO] Checking all WebSocket connections
[2025-05-10T20:51:10.007Z] [INFO] WebSocket Status Summary: Connected: 5/5, Errors: 0, Disconnected: 0
[2025-05-10T20:51:40.036Z] [INFO] Checking all WebSocket connections
[2025-05-10T20:51:40.036Z] [INFO] WebSocket Status Summary: Connected: 5/5, Errors: 0, Disconnected: 0
[2025-05-10T20:52:10.066Z] [INFO] Checking all WebSocket connections
[2025-05-10T20:52:10.066Z] [INFO] WebSocket Status Summary: Connected: 5/5, Errors: 0, Disconnected: 0
[2025-05-10T20:52:40.099Z] [INFO] Checking all WebSocket connections
[2025-05-10T20:52:40.101Z] [INFO] WebSocket Status Summary: Connected: 5/5, Errors: 0, Disconnected: 0
[2025-05-10T20:53:10.129Z] [INFO] Checking all WebSocket connections
[2025-05-10T20:53:10.129Z] [INFO] WebSocket Status Summary: Connected: 5/5, Errors: 0, Disconnected: 0
[2025-05-10T20:53:40.162Z] [INFO] Checking all WebSocket connections
[2025-05-10T20:53:40.163Z] [INFO] WebSocket Status Summary: Connected: 5/5, Errors: 0, Disconnected: 0
[2025-05-10T20:54:10.192Z] [INFO] Checking all WebSocket connections
[2025-05-10T20:54:10.193Z] [INFO] WebSocket Status Summary: Connected: 5/5, Errors: 0, Disconnected: 0
[2025-05-10T20:54:40.202Z] [INFO] Checking all WebSocket connections
[2025-05-10T20:54:40.203Z] [INFO] WebSocket Status Summary: Connected: 5/5, Errors: 0, Disconnected: 0
[2025-05-10T20:55:10.232Z] [INFO] Checking all WebSocket connections
[2025-05-10T20:55:10.232Z] [INFO] WebSocket Status Summary: Connected: 5/5, Errors: 0, Disconnected: 0
[2025-05-10T20:55:40.261Z] [INFO] Checking all WebSocket connections
[2025-05-10T20:55:40.262Z] [INFO] WebSocket Status Summary: Connected: 5/5, Errors: 0, Disconnected: 0
[2025-05-10T20:56:10.291Z] [INFO] Checking all WebSocket connections
[2025-05-10T20:56:10.291Z] [INFO] WebSocket Status Summary: Connected: 5/5, Errors: 0, Disconnected: 0
[2025-05-10T20:56:40.321Z] [INFO] Checking all WebSocket connections
[2025-05-10T20:56:40.321Z] [INFO] WebSocket Status Summary: Connected: 5/5, Errors: 0, Disconnected: 0
[2025-05-10T20:57:10.350Z] [INFO] Checking all WebSocket connections
[2025-05-10T20:57:10.350Z] [INFO] WebSocket Status Summary: Connected: 5/5, Errors: 0, Disconnected: 0
[2025-05-10T20:57:40.381Z] [INFO] Checking all WebSocket connections
[2025-05-10T20:57:40.382Z] [INFO] WebSocket Status Summary: Connected: 5/5, Errors: 0, Disconnected: 0
[2025-05-10T20:58:10.411Z] [INFO] Checking all WebSocket connections
[2025-05-10T20:58:10.411Z] [INFO] WebSocket Status Summary: Connected: 5/5, Errors: 0, Disconnected: 0
[2025-05-10T20:58:40.441Z] [INFO] Checking all WebSocket connections
[2025-05-10T20:58:40.441Z] [INFO] WebSocket Status Summary: Connected: 5/5, Errors: 0, Disconnected: 0
[2025-05-10T20:59:10.471Z] [INFO] Checking all WebSocket connections
[2025-05-10T20:59:10.471Z] [INFO] WebSocket Status Summary: Connected: 5/5, Errors: 0, Disconnected: 0
[2025-05-10T20:59:40.501Z] [INFO] Checking all WebSocket connections
[2025-05-10T20:59:40.502Z] [INFO] WebSocket Status Summary: Connected: 5/5, Errors: 0, Disconnected: 0
[2025-05-10T21:00:10.531Z] [INFO] Checking all WebSocket connections
[2025-05-10T21:00:10.531Z] [INFO] WebSocket Status Summary: Connected: 5/5, Errors: 0, Disconnected: 0
[2025-05-10T21:00:40.561Z] [INFO] Checking all WebSocket connections
[2025-05-10T21:00:40.561Z] [INFO] WebSocket Status Summary: Connected: 5/5, Errors: 0, Disconnected: 0
[2025-05-10T21:01:10.591Z] [INFO] Checking all WebSocket connections
[2025-05-10T21:01:10.591Z] [INFO] WebSocket Status Summary: Connected: 5/5, Errors: 0, Disconnected: 0
[2025-05-10T21:01:40.621Z] [INFO] Checking all WebSocket connections
[2025-05-10T21:01:40.621Z] [INFO] WebSocket Status Summary: Connected: 5/5, Errors: 0, Disconnected: 0
[2025-05-10T21:02:10.651Z] [INFO] Checking all WebSocket connections
[2025-05-10T21:02:10.651Z] [INFO] WebSocket Status Summary: Connected: 5/5, Errors: 0, Disconnected: 0
[2025-05-10T21:02:40.682Z] [INFO] Checking all WebSocket connections
[2025-05-10T21:02:40.683Z] [INFO] WebSocket Status Summary: Connected: 5/5, Errors: 0, Disconnected: 0
[2025-05-10T21:03:10.712Z] [INFO] Checking all WebSocket connections
[2025-05-10T21:03:10.712Z] [INFO] WebSocket Status Summary: Connected: 5/5, Errors: 0, Disconnected: 0
[2025-05-10T21:03:40.742Z] [INFO] Checking all WebSocket connections
[2025-05-10T21:03:40.742Z] [INFO] WebSocket Status Summary: Connected: 5/5, Errors: 0, Disconnected: 0
[2025-05-10T21:04:10.772Z] [INFO] Checking all WebSocket connections
[2025-05-10T21:04:10.772Z] [INFO] WebSocket Status Summary: Connected: 5/5, Errors: 0, Disconnected: 0
[2025-05-10T21:04:40.802Z] [INFO] Checking all WebSocket connections
[2025-05-10T21:04:40.803Z] [INFO] WebSocket Status Summary: Connected: 5/5, Errors: 0, Disconnected: 0
[2025-05-10T21:05:10.831Z] [INFO] Checking all WebSocket connections
[2025-05-10T21:05:10.831Z] [INFO] WebSocket Status Summary: Connected: 5/5, Errors: 0, Disconnected: 0
[2025-05-10T21:05:40.861Z] [INFO] Checking all WebSocket connections
[2025-05-10T21:05:40.861Z] [INFO] WebSocket Status Summary: Connected: 5/5, Errors: 0, Disconnected: 0
[2025-05-10T21:06:10.891Z] [INFO] Checking all WebSocket connections
[2025-05-10T21:06:10.892Z] [INFO] WebSocket Status Summary: Connected: 5/5, Errors: 0, Disconnected: 0
[2025-05-10T21:06:40.921Z] [INFO] Checking all WebSocket connections
[2025-05-10T21:06:40.921Z] [INFO] WebSocket Status Summary: Connected: 5/5, Errors: 0, Disconnected: 0
[2025-05-10T21:07:10.951Z] [INFO] Checking all WebSocket connections
[2025-05-10T21:07:10.951Z] [INFO] WebSocket Status Summary: Connected: 5/5, Errors: 0, Disconnected: 0
[2025-05-10T21:07:40.981Z] [INFO] Checking all WebSocket connections
[2025-05-10T21:07:40.982Z] [INFO] WebSocket Status Summary: Connected: 5/5, Errors: 0, Disconnected: 0
[2025-05-10T21:08:11.018Z] [INFO] Checking all WebSocket connections
[2025-05-10T21:08:11.019Z] [INFO] WebSocket Status Summary: Connected: 5/5, Errors: 0, Disconnected: 0
[2025-05-10T21:08:41.048Z] [INFO] Checking all WebSocket connections
[2025-05-10T21:08:41.048Z] [INFO] WebSocket Status Summary: Connected: 5/5, Errors: 0, Disconnected: 0
[2025-05-10T21:09:11.078Z] [INFO] Checking all WebSocket connections
[2025-05-10T21:09:11.078Z] [INFO] WebSocket Status Summary: Connected: 5/5, Errors: 0, Disconnected: 0
[2025-05-10T21:09:41.108Z] [INFO] Checking all WebSocket connections
[2025-05-10T21:09:41.108Z] [INFO] WebSocket Status Summary: Connected: 5/5, Errors: 0, Disconnected: 0
[2025-05-10T21:10:11.114Z] [INFO] Checking all WebSocket connections
[2025-05-10T21:10:11.114Z] [INFO] WebSocket Status Summary: Connected: 5/5, Errors: 0, Disconnected: 0
[2025-05-10T21:10:41.144Z] [INFO] Checking all WebSocket connections
[2025-05-10T21:10:41.144Z] [INFO] WebSocket Status Summary: Connected: 5/5, Errors: 0, Disconnected: 0
[2025-05-10T21:11:11.174Z] [INFO] Checking all WebSocket connections
[2025-05-10T21:11:11.175Z] [INFO] WebSocket Status Summary: Connected: 5/5, Errors: 0, Disconnected: 0
[2025-05-10T21:11:41.204Z] [INFO] Checking all WebSocket connections
[2025-05-10T21:11:41.204Z] [INFO] WebSocket Status Summary: Connected: 5/5, Errors: 0, Disconnected: 0
[2025-05-10T21:12:11.234Z] [INFO] Checking all WebSocket connections
[2025-05-10T21:12:11.234Z] [INFO] WebSocket Status Summary: Connected: 5/5, Errors: 0, Disconnected: 0
[2025-05-10T21:12:41.264Z] [INFO] Checking all WebSocket connections
[2025-05-10T21:12:41.264Z] [INFO] WebSocket Status Summary: Connected: 5/5, Errors: 0, Disconnected: 0
[2025-05-10T21:13:11.294Z] [INFO] Checking all WebSocket connections
[2025-05-10T21:13:11.294Z] [INFO] WebSocket Status Summary: Connected: 5/5, Errors: 0, Disconnected: 0
[2025-05-10T21:13:41.324Z] [INFO] Checking all WebSocket connections
[2025-05-10T21:13:41.325Z] [INFO] WebSocket Status Summary: Connected: 5/5, Errors: 0, Disconnected: 0
[2025-05-10T21:14:11.354Z] [INFO] Checking all WebSocket connections
[2025-05-10T21:14:11.355Z] [INFO] WebSocket Status Summary: Connected: 5/5, Errors: 0, Disconnected: 0
[2025-05-10T21:14:41.384Z] [INFO] Checking all WebSocket connections
[2025-05-10T21:14:41.384Z] [INFO] WebSocket Status Summary: Connected: 5/5, Errors: 0, Disconnected: 0
[2025-05-10T21:15:11.390Z] [INFO] Checking all WebSocket connections
[2025-05-10T21:15:11.391Z] [INFO] WebSocket Status Summary: Connected: 5/5, Errors: 0, Disconnected: 0
[2025-05-10T21:15:41.420Z] [INFO] Checking all WebSocket connections
[2025-05-10T21:15:41.420Z] [INFO] WebSocket Status Summary: Connected: 5/5, Errors: 0, Disconnected: 0
[2025-05-10T21:16:11.450Z] [INFO] Checking all WebSocket connections
[2025-05-10T21:16:11.451Z] [INFO] WebSocket Status Summary: Connected: 5/5, Errors: 0, Disconnected: 0
[2025-05-10T21:16:41.480Z] [INFO] Checking all WebSocket connections
[2025-05-10T21:16:41.480Z] [INFO] WebSocket Status Summary: Connected: 5/5, Errors: 0, Disconnected: 0
[2025-05-10T21:17:11.510Z] [INFO] Checking all WebSocket connections
[2025-05-10T21:17:11.510Z] [INFO] WebSocket Status Summary: Connected: 5/5, Errors: 0, Disconnected: 0
[2025-05-10T21:17:41.547Z] [INFO] Checking all WebSocket connections
[2025-05-10T21:17:41.549Z] [INFO] WebSocket Status Summary: Connected: 5/5, Errors: 0, Disconnected: 0
[2025-05-10T21:18:11.573Z] [INFO] Checking all WebSocket connections
[2025-05-10T21:18:11.573Z] [INFO] WebSocket Status Summary: Connected: 5/5, Errors: 0, Disconnected: 0
[2025-05-10T21:18:41.602Z] [INFO] Checking all WebSocket connections
[2025-05-10T21:18:41.602Z] [INFO] WebSocket Status Summary: Connected: 5/5, Errors: 0, Disconnected: 0
[2025-05-10T21:19:11.632Z] [INFO] Checking all WebSocket connections
[2025-05-10T21:19:11.632Z] [INFO] WebSocket Status Summary: Connected: 5/5, Errors: 0, Disconnected: 0
[2025-05-10T21:19:41.662Z] [INFO] Checking all WebSocket connections
[2025-05-10T21:19:41.662Z] [INFO] WebSocket Status Summary: Connected: 5/5, Errors: 0, Disconnected: 0
[2025-05-10T21:20:11.667Z] [INFO] Checking all WebSocket connections
[2025-05-10T21:20:11.667Z] [INFO] WebSocket Status Summary: Connected: 5/5, Errors: 0, Disconnected: 0
[2025-05-10T21:20:41.697Z] [INFO] Checking all WebSocket connections
[2025-05-10T21:20:41.698Z] [INFO] WebSocket Status Summary: Connected: 5/5, Errors: 0, Disconnected: 0
[2025-05-10T21:21:11.727Z] [INFO] Checking all WebSocket connections
[2025-05-10T21:21:11.727Z] [INFO] WebSocket Status Summary: Connected: 5/5, Errors: 0, Disconnected: 0
[2025-05-10T21:21:41.758Z] [INFO] Checking all WebSocket connections
[2025-05-10T21:21:41.770Z] [INFO] WebSocket Status Summary: Connected: 5/5, Errors: 0, Disconnected: 0
[2025-05-10T21:22:11.788Z] [INFO] Checking all WebSocket connections
[2025-05-10T21:22:11.788Z] [INFO] WebSocket Status Summary: Connected: 5/5, Errors: 0, Disconnected: 0
[2025-05-10T21:22:41.818Z] [INFO] Checking all WebSocket connections
[2025-05-10T21:22:41.818Z] [INFO] WebSocket Status Summary: Connected: 5/5, Errors: 0, Disconnected: 0
[2025-05-10T21:23:11.847Z] [INFO] Checking all WebSocket connections
[2025-05-10T21:23:11.847Z] [INFO] WebSocket Status Summary: Connected: 5/5, Errors: 0, Disconnected: 0
[2025-05-10T21:23:41.876Z] [INFO] Checking all WebSocket connections
[2025-05-10T21:23:41.876Z] [INFO] WebSocket Status Summary: Connected: 5/5, Errors: 0, Disconnected: 0
[2025-05-10T21:24:11.906Z] [INFO] Checking all WebSocket connections
[2025-05-10T21:24:11.907Z] [INFO] WebSocket Status Summary: Connected: 5/5, Errors: 0, Disconnected: 0
[2025-05-10T21:24:41.936Z] [INFO] Checking all WebSocket connections
[2025-05-10T21:24:41.936Z] [INFO] WebSocket Status Summary: Connected: 5/5, Errors: 0, Disconnected: 0
[2025-05-10T21:25:11.941Z] [INFO] Checking all WebSocket connections
[2025-05-10T21:25:11.941Z] [INFO] WebSocket Status Summary: Connected: 5/5, Errors: 0, Disconnected: 0
[2025-05-10T21:25:41.971Z] [INFO] Checking all WebSocket connections
[2025-05-10T21:25:41.971Z] [INFO] WebSocket Status Summary: Connected: 5/5, Errors: 0, Disconnected: 0
[2025-05-10T21:26:12.001Z] [INFO] Checking all WebSocket connections
[2025-05-10T21:26:12.002Z] [INFO] WebSocket Status Summary: Connected: 5/5, Errors: 0, Disconnected: 0
[2025-05-10T21:26:42.031Z] [INFO] Checking all WebSocket connections
[2025-05-10T21:26:42.032Z] [INFO] WebSocket Status Summary: Connected: 5/5, Errors: 0, Disconnected: 0
[2025-05-10T21:27:12.061Z] [INFO] Checking all WebSocket connections
[2025-05-10T21:27:12.061Z] [INFO] WebSocket Status Summary: Connected: 5/5, Errors: 0, Disconnected: 0
[2025-05-10T21:27:42.091Z] [INFO] Checking all WebSocket connections
[2025-05-10T21:27:42.091Z] [INFO] WebSocket Status Summary: Connected: 5/5, Errors: 0, Disconnected: 0
[2025-05-10T21:28:12.121Z] [INFO] Checking all WebSocket connections
[2025-05-10T21:28:12.122Z] [INFO] WebSocket Status Summary: Connected: 5/5, Errors: 0, Disconnected: 0
[2025-05-10T21:28:42.151Z] [INFO] Checking all WebSocket connections
[2025-05-10T21:28:42.151Z] [INFO] WebSocket Status Summary: Connected: 5/5, Errors: 0, Disconnected: 0
[2025-05-10T21:29:12.181Z] [INFO] Checking all WebSocket connections
[2025-05-10T21:29:12.182Z] [INFO] WebSocket Status Summary: Connected: 5/5, Errors: 0, Disconnected: 0
[2025-05-10T21:29:42.211Z] [INFO] Checking all WebSocket connections
[2025-05-10T21:29:42.211Z] [INFO] WebSocket Status Summary: Connected: 5/5, Errors: 0, Disconnected: 0
[2025-05-10T21:30:12.221Z] [INFO] Checking all WebSocket connections
[2025-05-10T21:30:12.222Z] [INFO] WebSocket Status Summary: Connected: 5/5, Errors: 0, Disconnected: 0
[2025-05-10T21:30:42.255Z] [INFO] Checking all WebSocket connections
[2025-05-10T21:30:42.258Z] [INFO] WebSocket Status Summary: Connected: 5/5, Errors: 0, Disconnected: 0
[2025-05-10T21:31:12.280Z] [INFO] Checking all WebSocket connections
[2025-05-10T21:31:12.280Z] [INFO] WebSocket Status Summary: Connected: 5/5, Errors: 0, Disconnected: 0
[2025-05-10T21:31:42.310Z] [INFO] Checking all WebSocket connections
[2025-05-10T21:31:42.310Z] [INFO] WebSocket Status Summary: Connected: 5/5, Errors: 0, Disconnected: 0
[2025-05-10T21:32:12.340Z] [INFO] Checking all WebSocket connections
[2025-05-10T21:32:12.340Z] [INFO] WebSocket Status Summary: Connected: 5/5, Errors: 0, Disconnected: 0
[2025-05-10T21:32:42.370Z] [INFO] Checking all WebSocket connections
[2025-05-10T21:32:42.371Z] [INFO] WebSocket Status Summary: Connected: 5/5, Errors: 0, Disconnected: 0
[2025-05-10T21:33:12.400Z] [INFO] Checking all WebSocket connections
[2025-05-10T21:33:12.400Z] [INFO] WebSocket Status Summary: Connected: 5/5, Errors: 0, Disconnected: 0
[2025-05-10T21:33:42.430Z] [INFO] Checking all WebSocket connections
[2025-05-10T21:33:42.430Z] [INFO] WebSocket Status Summary: Connected: 5/5, Errors: 0, Disconnected: 0
[2025-05-10T21:34:12.460Z] [INFO] Checking all WebSocket connections
[2025-05-10T21:34:12.461Z] [INFO] WebSocket Status Summary: Connected: 5/5, Errors: 0, Disconnected: 0
[2025-05-10T21:34:42.490Z] [INFO] Checking all WebSocket connections
[2025-05-10T21:34:42.493Z] [INFO] WebSocket Status Summary: Connected: 5/5, Errors: 0, Disconnected: 0
[2025-05-10T21:35:12.499Z] [INFO] Checking all WebSocket connections
[2025-05-10T21:35:12.499Z] [INFO] WebSocket Status Summary: Connected: 5/5, Errors: 0, Disconnected: 0
[2025-05-10T21:35:42.529Z] [INFO] Checking all WebSocket connections
[2025-05-10T21:35:42.529Z] [INFO] WebSocket Status Summary: Connected: 5/5, Errors: 0, Disconnected: 0
[2025-05-10T21:36:12.559Z] [INFO] Checking all WebSocket connections
[2025-05-10T21:36:12.559Z] [INFO] WebSocket Status Summary: Connected: 5/5, Errors: 0, Disconnected: 0
[2025-05-10T21:36:42.591Z] [INFO] Checking all WebSocket connections
[2025-05-10T21:36:42.592Z] [INFO] WebSocket Status Summary: Connected: 5/5, Errors: 0, Disconnected: 0
[2025-05-10T21:37:12.619Z] [INFO] Checking all WebSocket connections
[2025-05-10T21:37:12.619Z] [INFO] WebSocket Status Summary: Connected: 5/5, Errors: 0, Disconnected: 0
[2025-05-10T21:37:42.649Z] [INFO] Checking all WebSocket connections
[2025-05-10T21:37:42.649Z] [INFO] WebSocket Status Summary: Connected: 5/5, Errors: 0, Disconnected: 0
[2025-05-10T21:38:12.679Z] [INFO] Checking all WebSocket connections
[2025-05-10T21:38:12.679Z] [INFO] WebSocket Status Summary: Connected: 5/5, Errors: 0, Disconnected: 0
[2025-05-10T21:38:42.710Z] [INFO] Checking all WebSocket connections
[2025-05-10T21:38:42.711Z] [INFO] WebSocket Status Summary: Connected: 5/5, Errors: 0, Disconnected: 0
[2025-05-10T21:39:12.740Z] [INFO] Checking all WebSocket connections
[2025-05-10T21:39:12.740Z] [INFO] WebSocket Status Summary: Connected: 5/5, Errors: 0, Disconnected: 0
[2025-05-10T21:39:42.770Z] [INFO] Checking all WebSocket connections
[2025-05-10T21:39:42.770Z] [INFO] WebSocket Status Summary: Connected: 5/5, Errors: 0, Disconnected: 0
[2025-05-10T21:40:12.775Z] [INFO] Checking all WebSocket connections
[2025-05-10T21:40:12.785Z] [INFO] WebSocket Status Summary: Connected: 5/5, Errors: 0, Disconnected: 0
[2025-05-10T21:40:42.805Z] [INFO] Checking all WebSocket connections
[2025-05-10T21:40:42.805Z] [INFO] WebSocket Status Summary: Connected: 5/5, Errors: 0, Disconnected: 0
[2025-05-10T21:41:12.835Z] [INFO] Checking all WebSocket connections
[2025-05-10T21:41:12.835Z] [INFO] WebSocket Status Summary: Connected: 5/5, Errors: 0, Disconnected: 0
[2025-05-10T21:41:42.865Z] [INFO] Checking all WebSocket connections
[2025-05-10T21:41:42.867Z] [INFO] WebSocket Status Summary: Connected: 5/5, Errors: 0, Disconnected: 0
[2025-05-10T21:42:12.895Z] [INFO] Checking all WebSocket connections
[2025-05-10T21:42:12.900Z] [INFO] WebSocket Status Summary: Connected: 5/5, Errors: 0, Disconnected: 0
[2025-05-10T21:42:42.925Z] [INFO] Checking all WebSocket connections
[2025-05-10T21:42:42.925Z] [INFO] WebSocket Status Summary: Connected: 5/5, Errors: 0, Disconnected: 0
[2025-05-10T21:43:12.955Z] [INFO] Checking all WebSocket connections
[2025-05-10T21:43:12.955Z] [INFO] WebSocket Status Summary: Connected: 5/5, Errors: 0, Disconnected: 0
[2025-05-10T21:43:42.985Z] [INFO] Checking all WebSocket connections
[2025-05-10T21:43:42.985Z] [INFO] WebSocket Status Summary: Connected: 5/5, Errors: 0, Disconnected: 0
[2025-05-10T21:44:13.015Z] [INFO] Checking all WebSocket connections
[2025-05-10T21:44:13.015Z] [INFO] WebSocket Status Summary: Connected: 5/5, Errors: 0, Disconnected: 0
[2025-05-10T21:44:43.045Z] [INFO] Checking all WebSocket connections
[2025-05-10T21:44:43.046Z] [INFO] WebSocket Status Summary: Connected: 5/5, Errors: 0, Disconnected: 0
[2025-05-10T21:45:13.052Z] [INFO] Checking all WebSocket connections
[2025-05-10T21:45:13.052Z] [INFO] WebSocket Status Summary: Connected: 5/5, Errors: 0, Disconnected: 0
[2025-05-10T21:45:43.082Z] [INFO] Checking all WebSocket connections
[2025-05-10T21:45:43.082Z] [INFO] WebSocket Status Summary: Connected: 5/5, Errors: 0, Disconnected: 0
[2025-05-10T21:46:13.112Z] [INFO] Checking all WebSocket connections
[2025-05-10T21:46:13.116Z] [INFO] WebSocket Status Summary: Connected: 5/5, Errors: 0, Disconnected: 0
[2025-05-10T21:46:43.144Z] [INFO] Checking all WebSocket connections
[2025-05-10T21:46:43.144Z] [INFO] WebSocket Status Summary: Connected: 5/5, Errors: 0, Disconnected: 0
[2025-05-10T21:47:13.172Z] [INFO] Checking all WebSocket connections
[2025-05-10T21:47:13.172Z] [INFO] WebSocket Status Summary: Connected: 5/5, Errors: 0, Disconnected: 0
[2025-05-10T21:47:43.204Z] [INFO] Checking all WebSocket connections
[2025-05-10T21:47:43.204Z] [INFO] WebSocket Status Summary: Connected: 5/5, Errors: 0, Disconnected: 0
